Info: Starting: Create block symbol file (.bsf)
Info: qsys-generate /home2/landen.barber/gitlab/cst466/cst466/hw2/hw2_quartus/HW2.qsys --block-symbol-file --output-directory=/home2/landen.barber/gitlab/cst466/cst466/hw2/hw2_quartus/HW2 --family="Cyclone V" --part=5CSXFC6D6F31C6
Progress: Loading hw2_quartus/HW2.qsys
Progress: Reading input file
Progress: Adding DEBUG [altera_avalon_jtag_uart 24.1]
Progress: Parameterizing module DEBUG
Progress: Adding HW2 [intel_niosv_m 26.0.0]
Progress: Parameterizing module HW2
Progress: Adding KEYS [altera_avalon_pio 24.1]
Progress: Parameterizing module KEYS
Progress: Adding LEDS [altera_avalon_pio 24.1]
Progress: Parameterizing module LEDS
Progress: Adding SDRAM [altera_avalon_onchip_memory2 24.1]
Progress: Parameterizing module SDRAM
Progress: Adding SWITCHES [altera_avalon_pio 24.1]
Progress: Parameterizing module SWITCHES
Progress: Adding clk_0 [clock_source 24.1]
Progress: Parameterizing module clk_0
Progress: Building connections
Progress: Parameterizing connections
Progress: Validating
Progress: Done reading input file
Info: HW2.DEBUG: JTAG UART IP input clock need to be at least double (2x) the operating frequency of JTAG TCK on board
Warning: HW2.HW2: Properties (associatedClock) have been set on interface reset - in composed mode these are ignored
Warning: HW2.HW2: Properties (associatedClock) have been set on interface ndm_reset_in - in composed mode these are ignored
Warning: HW2.HW2: Properties (associatedClock,associatedReset) have been set on interface instruction_manager - in composed mode these are ignored
Warning: HW2.HW2: Properties (associatedClock,associatedReset) have been set on interface data_manager - in composed mode these are ignored
Info: HW2.KEYS: PIO inputs are not hardwired in test bench. Undefined values will be read from PIO inputs during simulation.
Info: HW2.SWITCHES: PIO inputs are not hardwired in test bench. Undefined values will be read from PIO inputs during simulation.
Info: qsys-generate succeeded.
Info: Finished: Create block symbol file (.bsf)
Info: 
Info: Starting: Create HDL design files for synthesis
Info: qsys-generate /home2/landen.barber/gitlab/cst466/cst466/hw2/hw2_quartus/HW2.qsys --synthesis=VERILOG --output-directory=/home2/landen.barber/gitlab/cst466/cst466/hw2/hw2_quartus/HW2/synthesis --family="Cyclone V" --part=5CSXFC6D6F31C6
Progress: Loading hw2_quartus/HW2.qsys
Progress: Reading input file
Progress: Adding DEBUG [altera_avalon_jtag_uart 24.1]
Progress: Parameterizing module DEBUG
Progress: Adding HW2 [intel_niosv_m 26.0.0]
Progress: Parameterizing module HW2
Progress: Adding KEYS [altera_avalon_pio 24.1]
Progress: Parameterizing module KEYS
Progress: Adding LEDS [altera_avalon_pio 24.1]
Progress: Parameterizing module LEDS
Progress: Adding SDRAM [altera_avalon_onchip_memory2 24.1]
Progress: Parameterizing module SDRAM
Progress: Adding SWITCHES [altera_avalon_pio 24.1]
Progress: Parameterizing module SWITCHES
Progress: Adding clk_0 [clock_source 24.1]
Progress: Parameterizing module clk_0
Progress: Building connections
Progress: Parameterizing connections
Progress: Validating
Progress: Done reading input file
Info: HW2.DEBUG: JTAG UART IP input clock need to be at least double (2x) the operating frequency of JTAG TCK on board
Warning: HW2.HW2: Properties (associatedClock) have been set on interface reset - in composed mode these are ignored
Warning: HW2.HW2: Properties (associatedClock) have been set on interface ndm_reset_in - in composed mode these are ignored
Warning: HW2.HW2: Properties (associatedClock,associatedReset) have been set on interface instruction_manager - in composed mode these are ignored
Warning: HW2.HW2: Properties (associatedClock,associatedReset) have been set on interface data_manager - in composed mode these are ignored
Info: HW2.KEYS: PIO inputs are not hardwired in test bench. Undefined values will be read from PIO inputs during simulation.
Info: HW2.SWITCHES: PIO inputs are not hardwired in test bench. Undefined values will be read from PIO inputs during simulation.
Info: HW2: Generating "HW2" for QUARTUS_SYNTH
Info: DEBUG: "HW2" instantiated altera_avalon_jtag_uart "DEBUG"
Info: HW2: "HW2" instantiated intel_niosv_m "HW2"
Info: KEYS: Starting RTL generation for module 'HW2_KEYS'
Info: KEYS:   Generation command is [exec /opt/IntelFPGA/quartus/linux64/perl/bin/perl -I /opt/IntelFPGA/quartus/linux64/perl/lib -I /opt/IntelFPGA/quartus/sopc_builder/bin/europa -I /opt/IntelFPGA/quartus/sopc_builder/bin -I /opt/IntelFPGA/quartus/../ip/altera/sopc_builder_ip/common -I /opt/IntelFPGA/quartus/../ip/altera/sopc_builder_ip/altera_avalon_pio -- /opt/IntelFPGA/quartus/../ip/altera/sopc_builder_ip/altera_avalon_pio/generate_rtl.pl --name=HW2_KEYS --dir=/tmp/alt0580_3404768563544220528.dir/0003_KEYS_gen/ --quartus_dir=/opt/IntelFPGA/quartus --verilog --config=/tmp/alt0580_3404768563544220528.dir/0003_KEYS_gen//HW2_KEYS_component_configuration.pl  --do_build_sim=0  ]
Info: KEYS: Done RTL generation for module 'HW2_KEYS'
Info: KEYS: "HW2" instantiated altera_avalon_pio "KEYS"
Info: LEDS: Starting RTL generation for module 'HW2_LEDS'
Info: LEDS:   Generation command is [exec /opt/IntelFPGA/quartus/linux64/perl/bin/perl -I /opt/IntelFPGA/quartus/linux64/perl/lib -I /opt/IntelFPGA/quartus/sopc_builder/bin/europa -I /opt/IntelFPGA/quartus/sopc_builder/bin -I /opt/IntelFPGA/quartus/../ip/altera/sopc_builder_ip/common -I /opt/IntelFPGA/quartus/../ip/altera/sopc_builder_ip/altera_avalon_pio -- /opt/IntelFPGA/quartus/../ip/altera/sopc_builder_ip/altera_avalon_pio/generate_rtl.pl --name=HW2_LEDS --dir=/tmp/alt0580_3404768563544220528.dir/0004_LEDS_gen/ --quartus_dir=/opt/IntelFPGA/quartus --verilog --config=/tmp/alt0580_3404768563544220528.dir/0004_LEDS_gen//HW2_LEDS_component_configuration.pl  --do_build_sim=0  ]
Info: LEDS: Done RTL generation for module 'HW2_LEDS'
Info: LEDS: "HW2" instantiated altera_avalon_pio "LEDS"
Info: SDRAM: Starting RTL generation for module 'HW2_SDRAM'
Info: SDRAM:   Generation command is [exec /opt/IntelFPGA/quartus/linux64/perl/bin/perl -I /opt/IntelFPGA/quartus/linux64/perl/lib -I /opt/IntelFPGA/quartus/sopc_builder/bin/europa -I /opt/IntelFPGA/quartus/sopc_builder/bin -I /opt/IntelFPGA/quartus/../ip/altera/sopc_builder_ip/common -I /opt/IntelFPGA/quartus/../ip/altera/sopc_builder_ip/altera_avalon_onchip_memory2 -- /opt/IntelFPGA/quartus/../ip/altera/sopc_builder_ip/altera_avalon_onchip_memory2/generate_rtl.pl --name=HW2_SDRAM --dir=/tmp/alt0580_3404768563544220528.dir/0005_SDRAM_gen/ --quartus_dir=/opt/IntelFPGA/quartus --verilog --config=/tmp/alt0580_3404768563544220528.dir/0005_SDRAM_gen//HW2_SDRAM_component_configuration.pl  --do_build_sim=0  ]
Info: SDRAM: Done RTL generation for module 'HW2_SDRAM'
Info: SDRAM: "HW2" instantiated altera_avalon_onchip_memory2 "SDRAM"
Info: SWITCHES: Starting RTL generation for module 'HW2_SWITCHES'
Info: SWITCHES:   Generation command is [exec /opt/IntelFPGA/quartus/linux64/perl/bin/perl -I /opt/IntelFPGA/quartus/linux64/perl/lib -I /opt/IntelFPGA/quartus/sopc_builder/bin/europa -I /opt/IntelFPGA/quartus/sopc_builder/bin -I /opt/IntelFPGA/quartus/../ip/altera/sopc_builder_ip/common -I /opt/IntelFPGA/quartus/../ip/altera/sopc_builder_ip/altera_avalon_pio -- /opt/IntelFPGA/quartus/../ip/altera/sopc_builder_ip/altera_avalon_pio/generate_rtl.pl --name=HW2_SWITCHES --dir=/tmp/alt0580_3404768563544220528.dir/0006_SWITCHES_gen/ --quartus_dir=/opt/IntelFPGA/quartus --verilog --config=/tmp/alt0580_3404768563544220528.dir/0006_SWITCHES_gen//HW2_SWITCHES_component_configuration.pl  --do_build_sim=0  ]
Info: SWITCHES: Done RTL generation for module 'HW2_SWITCHES'
Info: SWITCHES: "HW2" instantiated altera_avalon_pio "SWITCHES"
Info: avalon_st_adapter: Inserting error_adapter: error_adapter_0
Info: avalon_st_adapter_001: Inserting error_adapter: error_adapter_0
Info: avalon_st_adapter_002: Inserting error_adapter: error_adapter_0
Info: avalon_st_adapter_003: Inserting error_adapter: error_adapter_0
Info: avalon_st_adapter_004: Inserting error_adapter: error_adapter_0
Info: avalon_st_adapter_005: Inserting error_adapter: error_adapter_0
Info: avalon_st_adapter_006: Inserting error_adapter: error_adapter_0
Info: mm_interconnect_0: "HW2" instantiated altera_mm_interconnect "mm_interconnect_0"
Info: irq_mapper: "HW2" instantiated altera_irq_mapper "irq_mapper"
Info: rst_controller: "HW2" instantiated altera_reset_controller "rst_controller"
Info: niosv_reset_controller: "Generating: niosv_reset_controller"
Info: hart: "HW2" instantiated intel_niosv_m_unit "hart"
Info: timer_module: "HW2" instantiated intel_niosv_timer_msip "timer_module"
Info: dbg_mod: "HW2" instantiated intel_niosv_dbg_mod "dbg_mod"
Info: Reusing file /home2/landen.barber/gitlab/cst466/cst466/hw2/hw2_quartus/HW2/synthesis/submodules/niosv_ram.sv
Info: Reusing file /home2/landen.barber/gitlab/cst466/cst466/hw2/hw2_quartus/HW2/synthesis/submodules/altera_reset_synchronizer.v
Info: Reusing file /home2/landen.barber/gitlab/cst466/cst466/hw2/hw2_quartus/HW2/synthesis/submodules/altera_reset_controller.v
Info: Reusing file /home2/landen.barber/gitlab/cst466/cst466/hw2/hw2_quartus/HW2/synthesis/submodules/altera_reset_controller.sdc
Info: irq_mapper: "HW2" instantiated altera_irq_mapper "irq_mapper"
Info: DEBUG_avalon_jtag_slave_translator: "mm_interconnect_0" instantiated altera_merlin_slave_translator "DEBUG_avalon_jtag_slave_translator"
Info: HW2_data_manager_agent: "mm_interconnect_0" instantiated altera_merlin_axi_master_ni "HW2_data_manager_agent"
Info: DEBUG_avalon_jtag_slave_agent: "mm_interconnect_0" instantiated altera_merlin_slave_agent "DEBUG_avalon_jtag_slave_agent"
Info: DEBUG_avalon_jtag_slave_agent_rsp_fifo: "mm_interconnect_0" instantiated altera_avalon_sc_fifo "DEBUG_avalon_jtag_slave_agent_rsp_fifo"
Info: router: "mm_interconnect_0" instantiated altera_merlin_router "router"
Info: router_002: "mm_interconnect_0" instantiated altera_merlin_router "router_002"
Info: router_004: "mm_interconnect_0" instantiated altera_merlin_router "router_004"
Info: router_005: "mm_interconnect_0" instantiated altera_merlin_router "router_005"
Info: HW2_instruction_manager_wr_limiter: "mm_interconnect_0" instantiated altera_merlin_traffic_limiter "HW2_instruction_manager_wr_limiter"
Info: Reusing file /home2/landen.barber/gitlab/cst466/cst466/hw2/hw2_quartus/HW2/synthesis/submodules/altera_avalon_sc_fifo.v
Info: Reusing file /home2/landen.barber/gitlab/cst466/cst466/hw2/hw2_quartus/HW2/synthesis/submodules/altera_avalon_st_pipeline_base.v
Info: cmd_demux: "mm_interconnect_0" instantiated altera_merlin_demultiplexer "cmd_demux"
Info: cmd_demux_002: "mm_interconnect_0" instantiated altera_merlin_demultiplexer "cmd_demux_002"
Info: cmd_mux: "mm_interconnect_0" instantiated altera_merlin_multiplexer "cmd_mux"
Info: cmd_mux_001: "mm_interconnect_0" instantiated altera_merlin_multiplexer "cmd_mux_001"
Info: Reusing file /home2/landen.barber/gitlab/cst466/cst466/hw2/hw2_quartus/HW2/synthesis/submodules/altera_merlin_arbitrator.sv
Info: rsp_demux: "mm_interconnect_0" instantiated altera_merlin_demultiplexer "rsp_demux"
Info: rsp_demux_001: "mm_interconnect_0" instantiated altera_merlin_demultiplexer "rsp_demux_001"
Info: rsp_mux: "mm_interconnect_0" instantiated altera_merlin_multiplexer "rsp_mux"
Info: Reusing file /home2/landen.barber/gitlab/cst466/cst466/hw2/hw2_quartus/HW2/synthesis/submodules/altera_merlin_arbitrator.sv
Info: rsp_mux_002: "mm_interconnect_0" instantiated altera_merlin_multiplexer "rsp_mux_002"
Info: Reusing file /home2/landen.barber/gitlab/cst466/cst466/hw2/hw2_quartus/HW2/synthesis/submodules/altera_merlin_arbitrator.sv
Info: avalon_st_adapter: "mm_interconnect_0" instantiated altera_avalon_st_adapter "avalon_st_adapter"
Info: niosv_reset_controller: "hart" instantiated intel_niosv_m_unit "niosv_reset_controller"
Info: error_adapter_0: "avalon_st_adapter" instantiated error_adapter "error_adapter_0"
Info: HW2: Done "HW2" with 34 modules, 89 files
Info: qsys-generate succeeded.
Info: Finished: Create HDL design files for synthesis
